[2025-02-10 16:59:04,011][ogn_registration][INFO] - Looking for Python nodes to register in omni.physx.fabric-106.5.7
[2025-02-10 16:59:04,011][ogn_registration][INFO] -  -> Registered nodes from module omni.physxfabric at /isaac-sim/extsPhysics/omni.physx.fabric
[2025-02-10 16:59:04,011][ogn_registration][INFO] - Registering nodes in /isaac-sim/extsPhysics/omni.physx.fabric imported as omni.physxfabric with AutoNode config {}
[2025-02-10 16:59:04,011][ogn_registration][INFO] - Registering Python Node Types from omni.physxfabric at /isaac-sim/extsPhysics/omni.physx.fabric in omni.physx.fabric
[2025-02-10 16:59:04,011][ogn_registration][INFO] - ========================================================================================================================
[2025-02-10 16:59:04,012][ogn_registration][INFO] - No dependency on omni.graph, therefore no nodes to register in omni.physx.fabric
[2025-02-10 16:59:04,012][ogn_registration][INFO] - ...None found, no registration to do
[2025-02-10 16:59:04,012][ogn_registration][INFO] - ...Skipping: No OmniGraph presence in the module omni.physxfabric - No nodes in this module, do not remember it
[2025-02-10 16:59:04,012][ogn_registration][INFO] - Destroying registration record for omni.physx.fabric
[2025-02-10 16:59:04,012][ogn_registration][INFO] - OGN register omni.physx.fabric-106.5.7 took 1271852.000000
[2025-02-10 16:59:33,395][omni.kit.registry.nucleus.registry_manager][INFO] - 'trusted' is not set for registry 'kit/default' in '/exts/omni.kit.registry.nucleus/registries'
[2025-02-10 16:59:33,395][omni.kit.registry.nucleus.registry_manager][INFO] - 'trusted' is not set for registry 'kit/sdk' in '/exts/omni.kit.registry.nucleus/registries'
[2025-02-10 16:59:33,395][omni.kit.registry.nucleus.registry_manager][INFO] - 'trusted' is not set for registry 'kit/community' in '/exts/omni.kit.registry.nucleus/registries'
[2025-02-10 16:59:33,396][ogn_registration][INFO] - Looking for Python nodes to register in omni.kit.registry.nucleus-0.0.0
[2025-02-10 16:59:33,396][ogn_registration][INFO] -  -> Registered nodes from module omni.kit.registry.nucleus at /isaac-sim/kit/extscore/omni.kit.registry.nucleus
[2025-02-10 16:59:33,396][ogn_registration][INFO] - Registering nodes in /isaac-sim/kit/extscore/omni.kit.registry.nucleus imported as omni.kit.registry.nucleus with AutoNode config {}
[2025-02-10 16:59:33,396][ogn_registration][INFO] - Registering Python Node Types from omni.kit.registry.nucleus at /isaac-sim/kit/extscore/omni.kit.registry.nucleus in omni.kit.registry.nucleus
[2025-02-10 16:59:33,396][ogn_registration][INFO] - ========================================================================================================================
[2025-02-10 16:59:33,397][ogn_registration][INFO] - No dependency on omni.graph, therefore no nodes to register in omni.kit.registry.nucleus
[2025-02-10 16:59:33,397][ogn_registration][INFO] - ...None found, no registration to do
[2025-02-10 16:59:33,397][ogn_registration][INFO] - ...Skipping: No OmniGraph presence in the module omni.kit.registry.nucleus - No nodes in this module, do not remember it
[2025-02-10 16:59:33,397][ogn_registration][INFO] - Destroying registration record for omni.kit.registry.nucleus
[2025-02-10 16:59:33,397][ogn_registration][INFO] - OGN register omni.kit.registry.nucleus-0.0.0 took 1032301.000000
[2025-02-10 16:59:45,722][ogn_registration][INFO] - Looking for Python nodes to register in isaacsim.ros2.bridge-4.1.15
[2025-02-10 16:59:45,723][ogn_registration][INFO] -  -> Registered nodes from module isaacsim.ros2.bridge at /isaac-sim/exts/isaacsim.ros2.bridge
[2025-02-10 16:59:45,723][ogn_registration][INFO] - Registering nodes in /isaac-sim/exts/isaacsim.ros2.bridge imported as isaacsim.ros2.bridge with AutoNode config {}
[2025-02-10 16:59:45,723][ogn_registration][INFO] - Registering Python Node Types from isaacsim.ros2.bridge at /isaac-sim/exts/isaacsim.ros2.bridge in isaacsim.ros2.bridge
[2025-02-10 16:59:45,723][ogn_registration][INFO] - ========================================================================================================================
[2025-02-10 16:59:45,726][ogn_registration][INFO] - Finding OmniGraph extension content manager for isaacsim.ros2.bridge-4.1.15 in module isaacsim.ros2.bridge at /isaac-sim/exts/isaacsim.ros2.bridge
[2025-02-10 16:59:45,726][ogn_registration][INFO] - -> New generated folder /isaac-sim/exts/isaacsim.ros2.bridge/ogn/isaacsim.ros2.bridge is not a directory
[2025-02-10 16:59:45,727][ogn_registration][INFO] - Creating OmniGraph extension management class
[2025-02-10 16:59:45,727][ogn_registration][INFO] - Created base content manager for module isaacsim.ros2.bridge (/isaac-sim/exts/isaacsim.ros2.bridge/isaacsim/ros2/bridge/__init__.py - /isaac-sim/exts/isaacsim.ros2.bridge/isaacsim/ros2/bridge) in extension isaacsim.ros2.bridge-4.1.15 at /isaac-sim/exts/isaacsim.ros2.bridge using cache /isaac-sim/kit/cache/ogn_generated/1.79.1/isaacsim.ros2.bridge-4.1.15/isaacsim.ros2.bridge/ogn
[2025-02-10 16:59:45,727][ogn_registration][INFO] - Creating 1.18 extension manager for isaacsim.ros2.bridge-4.1.15 in <module 'isaacsim.ros2.bridge' from '/isaac-sim/exts/isaacsim.ros2.bridge/isaacsim/ros2/bridge/__init__.py'> at /isaac-sim/exts/isaacsim.ros2.bridge
[2025-02-10 16:59:45,727][ogn_registration][INFO] - Using cache directory /isaac-sim/kit/cache/ogn_generated/1.79.1/isaacsim.ros2.bridge-4.1.15/isaacsim.ros2.bridge/ogn
[2025-02-10 16:59:45,727][ogn_registration][INFO] - Scanning for V1.18 node in /isaac-sim/exts/isaacsim.ros2.bridge/isaacsim/ros2/bridge/ogn
[2025-02-10 16:59:45,727][ogn_registration][INFO] - Scanning isaacsim.ros2.bridge-4.1.15 for nodes in OGN path /isaac-sim/exts/isaacsim.ros2.bridge/isaacsim/ros2/bridge/ogn
[2025-02-10 16:59:45,727][ogn_registration][INFO] - _walk_with_excludes(start=/isaac-sim/exts/isaacsim.ros2.bridge/isaacsim/ros2/bridge/ogn, exclude=['__pycache__'])
[2025-02-10 16:59:45,728][ogn_registration][INFO] -    ... walked /isaac-sim/exts/isaacsim.ros2.bridge/isaacsim/ros2/bridge/ogn, ['python', 'tests'], ['OgnROS2RtxLidarHelperDatabase.py', 'OgnROS2QoSProfileDatabase.py', 'OgnROS2CameraHelperDatabase.py', '__ogn_files_prebuilt', 'OgnROS2CameraInfoHelperDatabase.py']
[2025-02-10 16:59:45,728][ogn_registration][INFO] - ....Adding scanned directory /isaac-sim/exts/isaacsim.ros2.bridge/isaacsim/ros2/bridge/ogn/python
[2025-02-10 16:59:45,729][ogn_registration][INFO] -    ... walked /isaac-sim/exts/isaacsim.ros2.bridge/isaacsim/ros2/bridge/ogn/python, ['nodes'], []
[2025-02-10 16:59:45,729][ogn_registration][INFO] - ....Adding scanned directory /isaac-sim/exts/isaacsim.ros2.bridge/isaacsim/ros2/bridge/ogn/python/nodes
[2025-02-10 16:59:45,730][ogn_registration][INFO] -    ... walked /isaac-sim/exts/isaacsim.ros2.bridge/isaacsim/ros2/bridge/ogn/python/nodes, ['config', 'icons'], ['OgnROS2CameraHelper.py', 'OgnROS2QoSProfile.ogn', 'OgnROS2RtxLidarHelper.py', 'OgnROS2CameraInfoHelper.ogn', 'OgnROS2CameraInfoHelper.py', 'OgnROS2RtxLidarHelper.ogn', 'OgnROS2QoSProfile.py', 'OgnROS2CameraHelper.ogn']
[2025-02-10 16:59:45,730][ogn_registration][INFO] - ....Adding scanned directory /isaac-sim/exts/isaacsim.ros2.bridge/isaacsim/ros2/bridge/ogn/python/nodes/config
[2025-02-10 16:59:45,730][ogn_registration][INFO] - ....Adding scanned directory /isaac-sim/exts/isaacsim.ros2.bridge/isaacsim/ros2/bridge/ogn/python/nodes/icons
[2025-02-10 16:59:45,730][ogn_registration][INFO] -    ... walked /isaac-sim/exts/isaacsim.ros2.bridge/isaacsim/ros2/bridge/ogn/python/nodes/config, [], ['CategoryDefinition.json']
[2025-02-10 16:59:45,731][ogn_registration][INFO] -    ... walked /isaac-sim/exts/isaacsim.ros2.bridge/isaacsim/ros2/bridge/ogn/python/nodes/icons, [], ['isaac-sim.svg']
[2025-02-10 16:59:45,732][ogn_registration][INFO] -    ... walked /isaac-sim/exts/isaacsim.ros2.bridge/isaacsim/ros2/bridge/ogn/tests, ['usd'], ['TestOgnROS2PublishJointState.py', 'TestOgnROS2PublishImu.py', 'TestOgnROS2SubscribeClock.py', 'TestOgnROS2Publisher.py', 'TestOgnROS2PublishClock.py', 'TestOgnROS2PublishBbox2D.py', 'TestOgnROS2CameraHelper.py', 'TestOgnROS2SubscribeJointState.py', 'TestOgnROS2PublishAckermann.py', 'TestOgnROS2Context.py', 'TestOgnROS2PublishPointCloud.py', 'TestOgnROS2SubscribeTwist.py', 'TestOgnROS2SubscribeTransformTree.py', 'TestOgnROS2PublishOdometry.py', 'TestOgnROS2PublishLaserScan.py', 'TestOgnROS2Subscriber.py', 'TestOgnROS2ServicePrim.py', 'TestOgnROS2ServiceClient.py', 'TestOgnROS2ServiceServerRequest.py', 'TestOgnROS2ServiceServerResponse.py', 'TestOgnROS2PublishCameraInfo.py', 'TestOgnROS2SubscribeAckermann.py', 'TestOgnROS2PublishSemanticLabels.py', 'TestOgnROS2PublishBbox3D.py', 'TestOgnROS2PublishRawTransformTree.py', 'TestOgnROS2QoSProfile.py', 'TestOgnROS2PublishImage.py', 'TestOgnROS2CameraInfoHelper.py', '__init__.py', 'TestOgnROS2RtxLidarHelper.py', 'TestOgnROS2PublishTransformTree.py']
[2025-02-10 16:59:45,732][ogn_registration][INFO] - ....Adding scanned directory /isaac-sim/exts/isaacsim.ros2.bridge/isaacsim/ros2/bridge/ogn/tests/usd
[2025-02-10 16:59:45,732][ogn_registration][INFO] -    ... walked /isaac-sim/exts/isaacsim.ros2.bridge/isaacsim/ros2/bridge/ogn/tests/usd, [], ['OgnROS2PublishTransformTreeTemplate.usda', 'OgnROS2ServiceServerResponseTemplate.usda', 'OgnROS2PublishJointStateTemplate.usda', 'OgnROS2PublishSemanticLabelsTemplate.usda', 'OgnROS2PublishImageTemplate.usda', 'OgnROS2CameraInfoHelperTemplate.usda', 'OgnROS2PublishCameraInfoTemplate.usda', 'OgnROS2SubscribeJointStateTemplate.usda', 'OgnROS2PublishOdometryTemplate.usda', 'OgnROS2RtxLidarHelperTemplate.usda', 'OgnROS2SubscriberTemplate.usda', 'OgnROS2PublishClockTemplate.usda', 'OgnROS2CameraHelperTemplate.usda', 'OgnROS2PublishPointCloudTemplate.usda', 'OgnROS2PublishBbox2DTemplate.usda', 'OgnROS2QoSProfileTemplate.usda', 'OgnROS2PublishAckermannTemplate.usda', 'OgnROS2ServicePrimTemplate.usda', 'OgnROS2SubscribeTwistTemplate.usda', 'OgnROS2PublishImuTemplate.usda', 'OgnROS2SubscribeAckermannTemplate.usda', 'OgnROS2PublisherTemplate.usda', 'OgnROS2PublishBbox3DTemplate.usda', 'OgnROS2SubscribeClockTemplate.usda', 'OgnROS2PublishRawTransformTreeTemplate.usda', 'OgnROS2ServiceServerRequestTemplate.usda', 'OgnROS2PublishLaserScanTemplate.usda', 'OgnROS2ContextTemplate.usda', 'OgnROS2ServiceClientTemplate.usda', 'OgnROS2SubscribeTransformTreeTemplate.usda']
[2025-02-10 16:59:45,736][ogn_registration][INFO] - ...extracted db versions VersionProperties.GENERATOR = (1, 79, 1), VersionProperties.TARGET = (2, 181, 8) from /isaac-sim/exts/isaacsim.ros2.bridge/isaacsim/ros2/bridge/ogn/OgnROS2RtxLidarHelperDatabase.py (True)
[2025-02-10 16:59:45,736][ogn_registration][INFO] - ...found file of type FileType.PYTHON_DB - /isaac-sim/exts/isaacsim.ros2.bridge/isaacsim/ros2/bridge/ogn/OgnROS2RtxLidarHelperDatabase.py
[2025-02-10 16:59:45,737][ogn_registration][INFO] - ...found file of type FileType.PYTHON_DB - /isaac-sim/exts/isaacsim.ros2.bridge/isaacsim/ros2/bridge/ogn/OgnROS2QoSProfileDatabase.py
[2025-02-10 16:59:45,737][ogn_registration][INFO] - ...found file of type FileType.PYTHON_DB - /isaac-sim/exts/isaacsim.ros2.bridge/isaacsim/ros2/bridge/ogn/OgnROS2CameraHelperDatabase.py
[2025-02-10 16:59:45,737][ogn_registration][INFO] - ...found file of type FileType.PYTHON_DB - /isaac-sim/exts/isaacsim.ros2.bridge/isaacsim/ros2/bridge/ogn/OgnROS2CameraInfoHelperDatabase.py
[2025-02-10 16:59:45,737][ogn_registration][INFO] - ...found file of type FileType.PYTHON - /isaac-sim/exts/isaacsim.ros2.bridge/isaacsim/ros2/bridge/ogn/python/nodes/OgnROS2CameraHelper.py
[2025-02-10 16:59:45,737][ogn_registration][INFO] - ...found file of type FileType.PYTHON - /isaac-sim/exts/isaacsim.ros2.bridge/isaacsim/ros2/bridge/ogn/python/nodes/OgnROS2RtxLidarHelper.py
[2025-02-10 16:59:45,737][ogn_registration][INFO] - ...found file of type FileType.PYTHON - /isaac-sim/exts/isaacsim.ros2.bridge/isaacsim/ros2/bridge/ogn/python/nodes/OgnROS2CameraInfoHelper.py
[2025-02-10 16:59:45,737][ogn_registration][INFO] - ...found file of type FileType.PYTHON - /isaac-sim/exts/isaacsim.ros2.bridge/isaacsim/ros2/bridge/ogn/python/nodes/OgnROS2QoSProfile.py
[2025-02-10 16:59:45,737][ogn_registration][INFO] - ...found file of type FileType.ICON - /isaac-sim/exts/isaacsim.ros2.bridge/isaacsim/ros2/bridge/ogn/python/nodes/icons/isaac-sim.svg
[2025-02-10 16:59:45,737][ogn_registration][INFO] - ...found file of type FileType.TEST - /isaac-sim/exts/isaacsim.ros2.bridge/isaacsim/ros2/bridge/ogn/tests/TestOgnROS2PublishJointState.py
[2025-02-10 16:59:45,737][ogn_registration][INFO] - ...found file of type FileType.TEST - /isaac-sim/exts/isaacsim.ros2.bridge/isaacsim/ros2/bridge/ogn/tests/TestOgnROS2PublishImu.py
[2025-02-10 16:59:45,737][ogn_registration][INFO] - ...found file of type FileType.TEST - /isaac-sim/exts/isaacsim.ros2.bridge/isaacsim/ros2/bridge/ogn/tests/TestOgnROS2SubscribeClock.py
[2025-02-10 16:59:45,738][ogn_registration][INFO] - ...found file of type FileType.TEST - /isaac-sim/exts/isaacsim.ros2.bridge/isaacsim/ros2/bridge/ogn/tests/TestOgnROS2Publisher.py
[2025-02-10 16:59:45,738][ogn_registration][INFO] - ...found file of type FileType.TEST - /isaac-sim/exts/isaacsim.ros2.bridge/isaacsim/ros2/bridge/ogn/tests/TestOgnROS2PublishClock.py
[2025-02-10 16:59:45,738][ogn_registration][INFO] - ...found file of type FileType.TEST - /isaac-sim/exts/isaacsim.ros2.bridge/isaacsim/ros2/bridge/ogn/tests/TestOgnROS2PublishBbox2D.py
[2025-02-10 16:59:45,738][ogn_registration][INFO] - ...found file of type FileType.TEST - /isaac-sim/exts/isaacsim.ros2.bridge/isaacsim/ros2/bridge/ogn/tests/TestOgnROS2CameraHelper.py
[2025-02-10 16:59:45,738][ogn_registration][INFO] - ...found file of type FileType.TEST - /isaac-sim/exts/isaacsim.ros2.bridge/isaacsim/ros2/bridge/ogn/tests/TestOgnROS2SubscribeJointState.py
[2025-02-10 16:59:45,738][ogn_registration][INFO] - ...found file of type FileType.TEST - /isaac-sim/exts/isaacsim.ros2.bridge/isaacsim/ros2/bridge/ogn/tests/TestOgnROS2PublishAckermann.py
[2025-02-10 16:59:45,738][ogn_registration][INFO] - ...found file of type FileType.TEST - /isaac-sim/exts/isaacsim.ros2.bridge/isaacsim/ros2/bridge/ogn/tests/TestOgnROS2Context.py
[2025-02-10 16:59:45,738][ogn_registration][INFO] - ...found file of type FileType.TEST - /isaac-sim/exts/isaacsim.ros2.bridge/isaacsim/ros2/bridge/ogn/tests/TestOgnROS2PublishPointCloud.py
[2025-02-10 16:59:45,738][ogn_registration][INFO] - ...found file of type FileType.TEST - /isaac-sim/exts/isaacsim.ros2.bridge/isaacsim/ros2/bridge/ogn/tests/TestOgnROS2SubscribeTwist.py
[2025-02-10 16:59:45,738][ogn_registration][INFO] - ...found file of type FileType.TEST - /isaac-sim/exts/isaacsim.ros2.bridge/isaacsim/ros2/bridge/ogn/tests/TestOgnROS2SubscribeTransformTree.py
[2025-02-10 16:59:45,738][ogn_registration][INFO] - ...found file of type FileType.TEST - /isaac-sim/exts/isaacsim.ros2.bridge/isaacsim/ros2/bridge/ogn/tests/TestOgnROS2PublishOdometry.py
[2025-02-10 16:59:45,738][ogn_registration][INFO] - ...found file of type FileType.TEST - /isaac-sim/exts/isaacsim.ros2.bridge/isaacsim/ros2/bridge/ogn/tests/TestOgnROS2PublishLaserScan.py
[2025-02-10 16:59:45,738][ogn_registration][INFO] - ...found file of type FileType.TEST - /isaac-sim/exts/isaacsim.ros2.bridge/isaacsim/ros2/bridge/ogn/tests/TestOgnROS2Subscriber.py
[2025-02-10 16:59:45,738][ogn_registration][INFO] - ...found file of type FileType.TEST - /isaac-sim/exts/isaacsim.ros2.bridge/isaacsim/ros2/bridge/ogn/tests/TestOgnROS2ServicePrim.py
[2025-02-10 16:59:45,739][ogn_registration][INFO] - ...found file of type FileType.TEST - /isaac-sim/exts/isaacsim.ros2.bridge/isaacsim/ros2/bridge/ogn/tests/TestOgnROS2ServiceClient.py
[2025-02-10 16:59:45,739][ogn_registration][INFO] - ...found file of type FileType.TEST - /isaac-sim/exts/isaacsim.ros2.bridge/isaacsim/ros2/bridge/ogn/tests/TestOgnROS2ServiceServerRequest.py
[2025-02-10 16:59:45,739][ogn_registration][INFO] - ...found file of type FileType.TEST - /isaac-sim/exts/isaacsim.ros2.bridge/isaacsim/ros2/bridge/ogn/tests/TestOgnROS2ServiceServerResponse.py
[2025-02-10 16:59:45,739][ogn_registration][INFO] - ...found file of type FileType.TEST - /isaac-sim/exts/isaacsim.ros2.bridge/isaacsim/ros2/bridge/ogn/tests/TestOgnROS2PublishCameraInfo.py
[2025-02-10 16:59:45,739][ogn_registration][INFO] - ...found file of type FileType.TEST - /isaac-sim/exts/isaacsim.ros2.bridge/isaacsim/ros2/bridge/ogn/tests/TestOgnROS2SubscribeAckermann.py
[2025-02-10 16:59:45,739][ogn_registration][INFO] - ...found file of type FileType.TEST - /isaac-sim/exts/isaacsim.ros2.bridge/isaacsim/ros2/bridge/ogn/tests/TestOgnROS2PublishSemanticLabels.py
[2025-02-10 16:59:45,739][ogn_registration][INFO] - ...found file of type FileType.TEST - /isaac-sim/exts/isaacsim.ros2.bridge/isaacsim/ros2/bridge/ogn/tests/TestOgnROS2PublishBbox3D.py
[2025-02-10 16:59:45,739][ogn_registration][INFO] - ...found file of type FileType.TEST - /isaac-sim/exts/isaacsim.ros2.bridge/isaacsim/ros2/bridge/ogn/tests/TestOgnROS2PublishRawTransformTree.py
[2025-02-10 16:59:45,739][ogn_registration][INFO] - ...found file of type FileType.TEST - /isaac-sim/exts/isaacsim.ros2.bridge/isaacsim/ros2/bridge/ogn/tests/TestOgnROS2QoSProfile.py
[2025-02-10 16:59:45,739][ogn_registration][INFO] - ...found file of type FileType.TEST - /isaac-sim/exts/isaacsim.ros2.bridge/isaacsim/ros2/bridge/ogn/tests/TestOgnROS2PublishImage.py
[2025-02-10 16:59:45,739][ogn_registration][INFO] - ...found file of type FileType.TEST - /isaac-sim/exts/isaacsim.ros2.bridge/isaacsim/ros2/bridge/ogn/tests/TestOgnROS2CameraInfoHelper.py
[2025-02-10 16:59:45,739][ogn_registration][INFO] - ...found file of type FileType.PYTHON - /isaac-sim/exts/isaacsim.ros2.bridge/isaacsim/ros2/bridge/ogn/tests/__init__.py
[2025-02-10 16:59:45,739][ogn_registration][INFO] - ...found file of type FileType.TEST - /isaac-sim/exts/isaacsim.ros2.bridge/isaacsim/ros2/bridge/ogn/tests/TestOgnROS2RtxLidarHelper.py
[2025-02-10 16:59:45,740][ogn_registration][INFO] - ...found file of type FileType.TEST - /isaac-sim/exts/isaacsim.ros2.bridge/isaacsim/ros2/bridge/ogn/tests/TestOgnROS2PublishTransformTree.py
[2025-02-10 16:59:45,740][ogn_registration][INFO] - ...found file of type FileType.USD - /isaac-sim/exts/isaacsim.ros2.bridge/isaacsim/ros2/bridge/ogn/tests/usd/OgnROS2PublishTransformTreeTemplate.usda
[2025-02-10 16:59:45,740][ogn_registration][INFO] - ...found file of type FileType.USD - /isaac-sim/exts/isaacsim.ros2.bridge/isaacsim/ros2/bridge/ogn/tests/usd/OgnROS2ServiceServerResponseTemplate.usda
[2025-02-10 16:59:45,740][ogn_registration][INFO] - ...found file of type FileType.USD - /isaac-sim/exts/isaacsim.ros2.bridge/isaacsim/ros2/bridge/ogn/tests/usd/OgnROS2PublishJointStateTemplate.usda
[2025-02-10 16:59:45,740][ogn_registration][INFO] - ...found file of type FileType.USD - /isaac-sim/exts/isaacsim.ros2.bridge/isaacsim/ros2/bridge/ogn/tests/usd/OgnROS2PublishSemanticLabelsTemplate.usda
[2025-02-10 16:59:45,740][ogn_registration][INFO] - ...found file of type FileType.USD - /isaac-sim/exts/isaacsim.ros2.bridge/isaacsim/ros2/bridge/ogn/tests/usd/OgnROS2PublishImageTemplate.usda
[2025-02-10 16:59:45,740][ogn_registration][INFO] - ...found file of type FileType.USD - /isaac-sim/exts/isaacsim.ros2.bridge/isaacsim/ros2/bridge/ogn/tests/usd/OgnROS2CameraInfoHelperTemplate.usda
[2025-02-10 16:59:45,740][ogn_registration][INFO] - ...found file of type FileType.USD - /isaac-sim/exts/isaacsim.ros2.bridge/isaacsim/ros2/bridge/ogn/tests/usd/OgnROS2PublishCameraInfoTemplate.usda
[2025-02-10 16:59:45,740][ogn_registration][INFO] - ...found file of type FileType.USD - /isaac-sim/exts/isaacsim.ros2.bridge/isaacsim/ros2/bridge/ogn/tests/usd/OgnROS2SubscribeJointStateTemplate.usda
[2025-02-10 16:59:45,740][ogn_registration][INFO] - ...found file of type FileType.USD - /isaac-sim/exts/isaacsim.ros2.bridge/isaacsim/ros2/bridge/ogn/tests/usd/OgnROS2PublishOdometryTemplate.usda
[2025-02-10 16:59:45,740][ogn_registration][INFO] - ...found file of type FileType.USD - /isaac-sim/exts/isaacsim.ros2.bridge/isaacsim/ros2/bridge/ogn/tests/usd/OgnROS2RtxLidarHelperTemplate.usda
[2025-02-10 16:59:45,740][ogn_registration][INFO] - ...found file of type FileType.USD - /isaac-sim/exts/isaacsim.ros2.bridge/isaacsim/ros2/bridge/ogn/tests/usd/OgnROS2SubscriberTemplate.usda
[2025-02-10 16:59:45,740][ogn_registration][INFO] - ...found file of type FileType.USD - /isaac-sim/exts/isaacsim.ros2.bridge/isaacsim/ros2/bridge/ogn/tests/usd/OgnROS2PublishClockTemplate.usda
[2025-02-10 16:59:45,740][ogn_registration][INFO] - ...found file of type FileType.USD - /isaac-sim/exts/isaacsim.ros2.bridge/isaacsim/ros2/bridge/ogn/tests/usd/OgnROS2CameraHelperTemplate.usda
[2025-02-10 16:59:45,741][ogn_registration][INFO] - ...found file of type FileType.USD - /isaac-sim/exts/isaacsim.ros2.bridge/isaacsim/ros2/bridge/ogn/tests/usd/OgnROS2PublishPointCloudTemplate.usda
[2025-02-10 16:59:45,741][ogn_registration][INFO] - ...found file of type FileType.USD - /isaac-sim/exts/isaacsim.ros2.bridge/isaacsim/ros2/bridge/ogn/tests/usd/OgnROS2PublishBbox2DTemplate.usda
[2025-02-10 16:59:45,741][ogn_registration][INFO] - ...found file of type FileType.USD - /isaac-sim/exts/isaacsim.ros2.bridge/isaacsim/ros2/bridge/ogn/tests/usd/OgnROS2QoSProfileTemplate.usda
[2025-02-10 16:59:45,741][ogn_registration][INFO] - ...found file of type FileType.USD - /isaac-sim/exts/isaacsim.ros2.bridge/isaacsim/ros2/bridge/ogn/tests/usd/OgnROS2PublishAckermannTemplate.usda
[2025-02-10 16:59:45,741][ogn_registration][INFO] - ...found file of type FileType.USD - /isaac-sim/exts/isaacsim.ros2.bridge/isaacsim/ros2/bridge/ogn/tests/usd/OgnROS2ServicePrimTemplate.usda
[2025-02-10 16:59:45,741][ogn_registration][INFO] - ...found file of type FileType.USD - /isaac-sim/exts/isaacsim.ros2.bridge/isaacsim/ros2/bridge/ogn/tests/usd/OgnROS2SubscribeTwistTemplate.usda
[2025-02-10 16:59:45,741][ogn_registration][INFO] - ...found file of type FileType.USD - /isaac-sim/exts/isaacsim.ros2.bridge/isaacsim/ros2/bridge/ogn/tests/usd/OgnROS2PublishImuTemplate.usda
[2025-02-10 16:59:45,741][ogn_registration][INFO] - ...found file of type FileType.USD - /isaac-sim/exts/isaacsim.ros2.bridge/isaacsim/ros2/bridge/ogn/tests/usd/OgnROS2SubscribeAckermannTemplate.usda
[2025-02-10 16:59:45,741][ogn_registration][INFO] - ...found file of type FileType.USD - /isaac-sim/exts/isaacsim.ros2.bridge/isaacsim/ros2/bridge/ogn/tests/usd/OgnROS2PublisherTemplate.usda
[2025-02-10 16:59:45,741][ogn_registration][INFO] - ...found file of type FileType.USD - /isaac-sim/exts/isaacsim.ros2.bridge/isaacsim/ros2/bridge/ogn/tests/usd/OgnROS2PublishBbox3DTemplate.usda
[2025-02-10 16:59:45,741][ogn_registration][INFO] - ...found file of type FileType.USD - /isaac-sim/exts/isaacsim.ros2.bridge/isaacsim/ros2/bridge/ogn/tests/usd/OgnROS2SubscribeClockTemplate.usda
[2025-02-10 16:59:45,741][ogn_registration][INFO] - ...found file of type FileType.USD - /isaac-sim/exts/isaacsim.ros2.bridge/isaacsim/ros2/bridge/ogn/tests/usd/OgnROS2PublishRawTransformTreeTemplate.usda
[2025-02-10 16:59:45,741][ogn_registration][INFO] - ...found file of type FileType.USD - /isaac-sim/exts/isaacsim.ros2.bridge/isaacsim/ros2/bridge/ogn/tests/usd/OgnROS2ServiceServerRequestTemplate.usda
[2025-02-10 16:59:45,741][ogn_registration][INFO] - ...found file of type FileType.USD - /isaac-sim/exts/isaacsim.ros2.bridge/isaacsim/ros2/bridge/ogn/tests/usd/OgnROS2PublishLaserScanTemplate.usda
[2025-02-10 16:59:45,741][ogn_registration][INFO] - ...found file of type FileType.USD - /isaac-sim/exts/isaacsim.ros2.bridge/isaacsim/ros2/bridge/ogn/tests/usd/OgnROS2ContextTemplate.usda
[2025-02-10 16:59:45,741][ogn_registration][INFO] - ...found file of type FileType.USD - /isaac-sim/exts/isaacsim.ros2.bridge/isaacsim/ros2/bridge/ogn/tests/usd/OgnROS2ServiceClientTemplate.usda
[2025-02-10 16:59:45,741][ogn_registration][INFO] - ...found file of type FileType.USD - /isaac-sim/exts/isaacsim.ros2.bridge/isaacsim/ros2/bridge/ogn/tests/usd/OgnROS2SubscribeTransformTreeTemplate.usda
[2025-02-10 16:59:45,741][ogn_registration][INFO] - ...constructing node type definition for OgnROS2QoSProfile at /isaac-sim/exts/isaacsim.ros2.bridge/isaacsim/ros2/bridge/ogn/python/nodes/OgnROS2QoSProfile.ogn
[2025-02-10 16:59:45,742][ogn_registration][INFO] - Creating node type definition for OgnROS2QoSProfile at /isaac-sim/exts/isaacsim.ros2.bridge/isaacsim/ros2/bridge/ogn/python/nodes/OgnROS2QoSProfile.ogn
[2025-02-10 16:59:45,742][ogn_registration][INFO] - ...constructing node type definition for OgnROS2CameraInfoHelper at /isaac-sim/exts/isaacsim.ros2.bridge/isaacsim/ros2/bridge/ogn/python/nodes/OgnROS2CameraInfoHelper.ogn
[2025-02-10 16:59:45,742][ogn_registration][INFO] - Creating node type definition for OgnROS2CameraInfoHelper at /isaac-sim/exts/isaacsim.ros2.bridge/isaacsim/ros2/bridge/ogn/python/nodes/OgnROS2CameraInfoHelper.ogn
[2025-02-10 16:59:45,742][ogn_registration][INFO] - ...constructing node type definition for OgnROS2RtxLidarHelper at /isaac-sim/exts/isaacsim.ros2.bridge/isaacsim/ros2/bridge/ogn/python/nodes/OgnROS2RtxLidarHelper.ogn
[2025-02-10 16:59:45,742][ogn_registration][INFO] - Creating node type definition for OgnROS2RtxLidarHelper at /isaac-sim/exts/isaacsim.ros2.bridge/isaacsim/ros2/bridge/ogn/python/nodes/OgnROS2RtxLidarHelper.ogn
[2025-02-10 16:59:45,742][ogn_registration][INFO] - ...constructing node type definition for OgnROS2CameraHelper at /isaac-sim/exts/isaacsim.ros2.bridge/isaacsim/ros2/bridge/ogn/python/nodes/OgnROS2CameraHelper.ogn
[2025-02-10 16:59:45,742][ogn_registration][INFO] - Creating node type definition for OgnROS2CameraHelper at /isaac-sim/exts/isaacsim.ros2.bridge/isaacsim/ros2/bridge/ogn/python/nodes/OgnROS2CameraHelper.ogn
[2025-02-10 16:59:45,743][ogn_registration][INFO] - Adding 4 files at version VersionProperties.GENERATOR = (1, 79, 1), VersionProperties.TARGET = (2, 181, 8)
[2025-02-10 16:59:45,743][ogn_registration][INFO] - add generated file(/isaac-sim/exts/isaacsim.ros2.bridge/isaacsim/ros2/bridge/ogn/OgnROS2QoSProfileDatabase.py, FileType.PYTHON_DB)
[2025-02-10 16:59:45,743][ogn_registration][INFO] - add user file(/isaac-sim/exts/isaacsim.ros2.bridge/isaacsim/ros2/bridge/ogn/python/nodes/OgnROS2QoSProfile.py, FileType.PYTHON)
[2025-02-10 16:59:45,743][ogn_registration][INFO] - add generated file(/isaac-sim/exts/isaacsim.ros2.bridge/isaacsim/ros2/bridge/ogn/tests/TestOgnROS2QoSProfile.py, FileType.TEST)
[2025-02-10 16:59:45,743][ogn_registration][INFO] - add generated file(/isaac-sim/exts/isaacsim.ros2.bridge/isaacsim/ros2/bridge/ogn/tests/usd/OgnROS2QoSProfileTemplate.usda, FileType.USD)
[2025-02-10 16:59:45,743][ogn_registration][INFO] - Adding 4 files at version VersionProperties.GENERATOR = (1, 79, 1), VersionProperties.TARGET = (2, 181, 8)
[2025-02-10 16:59:45,743][ogn_registration][INFO] - add generated file(/isaac-sim/exts/isaacsim.ros2.bridge/isaacsim/ros2/bridge/ogn/OgnROS2CameraInfoHelperDatabase.py, FileType.PYTHON_DB)
[2025-02-10 16:59:45,743][ogn_registration][INFO] - add user file(/isaac-sim/exts/isaacsim.ros2.bridge/isaacsim/ros2/bridge/ogn/python/nodes/OgnROS2CameraInfoHelper.py, FileType.PYTHON)
[2025-02-10 16:59:45,743][ogn_registration][INFO] - add generated file(/isaac-sim/exts/isaacsim.ros2.bridge/isaacsim/ros2/bridge/ogn/tests/TestOgnROS2CameraInfoHelper.py, FileType.TEST)
[2025-02-10 16:59:45,743][ogn_registration][INFO] - add generated file(/isaac-sim/exts/isaacsim.ros2.bridge/isaacsim/ros2/bridge/ogn/tests/usd/OgnROS2CameraInfoHelperTemplate.usda, FileType.USD)
[2025-02-10 16:59:45,743][ogn_registration][INFO] - Adding 4 files at version VersionProperties.GENERATOR = (1, 79, 1), VersionProperties.TARGET = (2, 181, 8)
[2025-02-10 16:59:45,744][ogn_registration][INFO] - add generated file(/isaac-sim/exts/isaacsim.ros2.bridge/isaacsim/ros2/bridge/ogn/OgnROS2RtxLidarHelperDatabase.py, FileType.PYTHON_DB)
[2025-02-10 16:59:45,744][ogn_registration][INFO] - add user file(/isaac-sim/exts/isaacsim.ros2.bridge/isaacsim/ros2/bridge/ogn/python/nodes/OgnROS2RtxLidarHelper.py, FileType.PYTHON)
[2025-02-10 16:59:45,744][ogn_registration][INFO] - add generated file(/isaac-sim/exts/isaacsim.ros2.bridge/isaacsim/ros2/bridge/ogn/tests/TestOgnROS2RtxLidarHelper.py, FileType.TEST)
[2025-02-10 16:59:45,744][ogn_registration][INFO] - add generated file(/isaac-sim/exts/isaacsim.ros2.bridge/isaacsim/ros2/bridge/ogn/tests/usd/OgnROS2RtxLidarHelperTemplate.usda, FileType.USD)
[2025-02-10 16:59:45,744][ogn_registration][INFO] - Adding 4 files at version VersionProperties.GENERATOR = (1, 79, 1), VersionProperties.TARGET = (2, 181, 8)
[2025-02-10 16:59:45,744][ogn_registration][INFO] - add generated file(/isaac-sim/exts/isaacsim.ros2.bridge/isaacsim/ros2/bridge/ogn/OgnROS2CameraHelperDatabase.py, FileType.PYTHON_DB)
[2025-02-10 16:59:45,744][ogn_registration][INFO] - add user file(/isaac-sim/exts/isaacsim.ros2.bridge/isaacsim/ros2/bridge/ogn/python/nodes/OgnROS2CameraHelper.py, FileType.PYTHON)
[2025-02-10 16:59:45,744][ogn_registration][INFO] - add generated file(/isaac-sim/exts/isaacsim.ros2.bridge/isaacsim/ros2/bridge/ogn/tests/TestOgnROS2CameraHelper.py, FileType.TEST)
[2025-02-10 16:59:45,744][ogn_registration][INFO] - add generated file(/isaac-sim/exts/isaacsim.ros2.bridge/isaacsim/ros2/bridge/ogn/tests/usd/OgnROS2CameraHelperTemplate.usda, FileType.USD)
[2025-02-10 16:59:45,744][ogn_registration][INFO] - Cache path /isaac-sim/kit/cache/ogn_generated/1.79.1/isaacsim.ros2.bridge-4.1.15/isaacsim.ros2.bridge/ogn is not a directory
[2025-02-10 16:59:45,745][ogn_registration][INFO] - isaacsim.ros2.bridge: Time to scan the extension for node types = 0.021474
[2025-02-10 16:59:45,745][ogn_registration][INFO] - Ensuring node types in extension isaacsim.ros2.bridge are up to date
[2025-02-10 16:59:45,745][ogn_registration][INFO] - isaacsim.ros2.bridge: Time to update the out-of-date generated code = 0.000272
[2025-02-10 16:59:45,745][ogn_registration][INFO] - Attempting OGN 1.18 Python imports for isaacsim.ros2.bridge-4.1.15
[2025-02-10 16:59:45,745][ogn_registration][INFO] - Importing isaacsim.ros2.bridge.ogn and isaacsim.ros2.bridge.ogn.tests with tests
[2025-02-10 16:59:45,745][ogn_registration][INFO] - --- Finding module isaacsim.ros2.bridge.ogn in <module 'isaacsim.ros2.bridge' from '/isaac-sim/exts/isaacsim.ros2.bridge/isaacsim/ros2/bridge/__init__.py'> with submodule name ogn
[2025-02-10 16:59:45,745][ogn_registration][INFO] - --X module was not already imported
[2025-02-10 16:59:45,745][ogn_registration][INFO] - ... Trying to import isaacsim.ros2.bridge.ogn directly
[2025-02-10 16:59:45,746][ogn_registration][INFO] - --> Found the module at <module 'isaacsim.ros2.bridge.ogn' (<_frozen_importlib_external._NamespaceLoader object at 0x7f998d38ea40>)>
[2025-02-10 16:59:45,746][ogn_registration][INFO] - -> Found .ogn module, looking for ogn.tests too
[2025-02-10 16:59:45,746][ogn_registration][INFO] - --- Finding module isaacsim.ros2.bridge.ogn.tests in <module 'isaacsim.ros2.bridge.ogn' (<_frozen_importlib_external._NamespaceLoader object at 0x7f998d38ea40>)> with submodule name ogn.tests
[2025-02-10 16:59:45,746][ogn_registration][INFO] - --X module was not already imported
[2025-02-10 16:59:45,746][ogn_registration][INFO] - ... Trying to import isaacsim.ros2.bridge.ogn.tests directly
[2025-02-10 16:59:45,747][ogn_registration][INFO] - --> Found the module at <module 'isaacsim.ros2.bridge.ogn.tests' from '/isaac-sim/exts/isaacsim.ros2.bridge/isaacsim/ros2/bridge/ogn/tests/__init__.py'>
[2025-02-10 16:59:45,752][ogn_registration][INFO] - Importing module isaacsim.ros2.bridge.ogn.OgnROS2QoSProfileDatabase from /isaac-sim/exts/isaacsim.ros2.bridge/isaacsim/ros2/bridge/ogn/OgnROS2QoSProfileDatabase.py
[2025-02-10 16:59:45,753][ogn_registration][INFO] - ... created the module as <module 'isaacsim.ros2.bridge.ogn.OgnROS2QoSProfileDatabase' from '/isaac-sim/exts/isaacsim.ros2.bridge/isaacsim/ros2/bridge/ogn/OgnROS2QoSProfileDatabase.py'>
[2025-02-10 16:59:45,753][ogn_registration][INFO] - ...Import DB isaacsim.ros2.bridge.ogn.OgnROS2QoSProfileDatabase into ['OgnROS2QoSProfileDatabase', '__builtins__', '__cached__', '__doc__', '__file__', '__loader__', '__name__', '__package__', '__spec__', '_og', 'carb', 'og', 'ogn', 'sys', 'traceback'] from /isaac-sim/exts/isaacsim.ros2.bridge/isaacsim/ros2/bridge/ogn/OgnROS2QoSProfileDatabase.py
[2025-02-10 16:59:45,753][ogn_registration][INFO] - Importing module isaacsim.ros2.bridge.ogn.python.nodes.OgnROS2QoSProfile from /isaac-sim/exts/isaacsim.ros2.bridge/isaacsim/ros2/bridge/ogn/python/nodes/OgnROS2QoSProfile.py
[2025-02-10 16:59:45,754][ogn_registration][INFO] - ... created the module as <module 'isaacsim.ros2.bridge.ogn.python.nodes.OgnROS2QoSProfile' from '/isaac-sim/exts/isaacsim.ros2.bridge/isaacsim/ros2/bridge/ogn/python/nodes/OgnROS2QoSProfile.py'>
[2025-02-10 16:59:45,754][ogn_registration][INFO] - ...Import Node isaacsim.ros2.bridge.ogn.python.nodes.OgnROS2QoSProfile into <module 'isaacsim.ros2.bridge.ogn.python.nodes.OgnROS2QoSProfile' from '/isaac-sim/exts/isaacsim.ros2.bridge/isaacsim/ros2/bridge/ogn/python/nodes/OgnROS2QoSProfile.py'> from /isaac-sim/exts/isaacsim.ros2.bridge/isaacsim/ros2/bridge/ogn/python/nodes/OgnROS2QoSProfile.py
[2025-02-10 16:59:45,754][ogn_registration][INFO] - Importing module isaacsim.ros2.bridge.ogn.tests.TestOgnROS2QoSProfile from /isaac-sim/exts/isaacsim.ros2.bridge/isaacsim/ros2/bridge/ogn/tests/TestOgnROS2QoSProfile.py
[2025-02-10 16:59:45,754][ogn_registration][INFO] - ... created the module as <module 'isaacsim.ros2.bridge.ogn.tests.TestOgnROS2QoSProfile' from '/isaac-sim/exts/isaacsim.ros2.bridge/isaacsim/ros2/bridge/ogn/tests/TestOgnROS2QoSProfile.py'>
[2025-02-10 16:59:45,754][ogn_registration][INFO] - ...Imported test isaacsim.ros2.bridge.ogn.tests.TestOgnROS2QoSProfile into <module 'isaacsim.ros2.bridge.ogn.tests.TestOgnROS2QoSProfile' from '/isaac-sim/exts/isaacsim.ros2.bridge/isaacsim/ros2/bridge/ogn/tests/TestOgnROS2QoSProfile.py'> from /isaac-sim/exts/isaacsim.ros2.bridge/isaacsim/ros2/bridge/ogn/tests/TestOgnROS2QoSProfile.py
[2025-02-10 16:59:45,754][ogn_registration][INFO] - Importing module isaacsim.ros2.bridge.ogn.OgnROS2CameraInfoHelperDatabase from /isaac-sim/exts/isaacsim.ros2.bridge/isaacsim/ros2/bridge/ogn/OgnROS2CameraInfoHelperDatabase.py
[2025-02-10 16:59:45,755][ogn_registration][INFO] - ... created the module as <module 'isaacsim.ros2.bridge.ogn.OgnROS2CameraInfoHelperDatabase' from '/isaac-sim/exts/isaacsim.ros2.bridge/isaacsim/ros2/bridge/ogn/OgnROS2CameraInfoHelperDatabase.py'>
[2025-02-10 16:59:45,755][ogn_registration][INFO] - ...Import DB isaacsim.ros2.bridge.ogn.OgnROS2CameraInfoHelperDatabase into ['OgnROS2CameraInfoHelperDatabase', '__builtins__', '__cached__', '__doc__', '__file__', '__loader__', '__name__', '__package__', '__spec__', '_og', 'carb', 'og', 'ogn', 'sys', 'traceback'] from /isaac-sim/exts/isaacsim.ros2.bridge/isaacsim/ros2/bridge/ogn/OgnROS2CameraInfoHelperDatabase.py
[2025-02-10 16:59:45,755][ogn_registration][INFO] - Importing module isaacsim.ros2.bridge.ogn.python.nodes.OgnROS2CameraInfoHelper from /isaac-sim/exts/isaacsim.ros2.bridge/isaacsim/ros2/bridge/ogn/python/nodes/OgnROS2CameraInfoHelper.py
[2025-02-10 16:59:45,756][ogn_registration][INFO] - ... created the module as <module 'isaacsim.ros2.bridge.ogn.python.nodes.OgnROS2CameraInfoHelper' from '/isaac-sim/exts/isaacsim.ros2.bridge/isaacsim/ros2/bridge/ogn/python/nodes/OgnROS2CameraInfoHelper.py'>
[2025-02-10 16:59:45,756][ogn_registration][INFO] - ...Import Node isaacsim.ros2.bridge.ogn.python.nodes.OgnROS2CameraInfoHelper into <module 'isaacsim.ros2.bridge.ogn.python.nodes.OgnROS2CameraInfoHelper' from '/isaac-sim/exts/isaacsim.ros2.bridge/isaacsim/ros2/bridge/ogn/python/nodes/OgnROS2CameraInfoHelper.py'> from /isaac-sim/exts/isaacsim.ros2.bridge/isaacsim/ros2/bridge/ogn/python/nodes/OgnROS2CameraInfoHelper.py
[2025-02-10 16:59:45,756][ogn_registration][INFO] - Importing module isaacsim.ros2.bridge.ogn.tests.TestOgnROS2CameraInfoHelper from /isaac-sim/exts/isaacsim.ros2.bridge/isaacsim/ros2/bridge/ogn/tests/TestOgnROS2CameraInfoHelper.py
[2025-02-10 16:59:45,756][ogn_registration][INFO] - ... created the module as <module 'isaacsim.ros2.bridge.ogn.tests.TestOgnROS2CameraInfoHelper' from '/isaac-sim/exts/isaacsim.ros2.bridge/isaacsim/ros2/bridge/ogn/tests/TestOgnROS2CameraInfoHelper.py'>
[2025-02-10 16:59:45,756][ogn_registration][INFO] - ...Imported test isaacsim.ros2.bridge.ogn.tests.TestOgnROS2CameraInfoHelper into <module 'isaacsim.ros2.bridge.ogn.tests.TestOgnROS2CameraInfoHelper' from '/isaac-sim/exts/isaacsim.ros2.bridge/isaacsim/ros2/bridge/ogn/tests/TestOgnROS2CameraInfoHelper.py'> from /isaac-sim/exts/isaacsim.ros2.bridge/isaacsim/ros2/bridge/ogn/tests/TestOgnROS2CameraInfoHelper.py
[2025-02-10 16:59:45,757][ogn_registration][INFO] - Importing module isaacsim.ros2.bridge.ogn.OgnROS2RtxLidarHelperDatabase from /isaac-sim/exts/isaacsim.ros2.bridge/isaacsim/ros2/bridge/ogn/OgnROS2RtxLidarHelperDatabase.py
[2025-02-10 16:59:45,757][ogn_registration][INFO] - ... created the module as <module 'isaacsim.ros2.bridge.ogn.OgnROS2RtxLidarHelperDatabase' from '/isaac-sim/exts/isaacsim.ros2.bridge/isaacsim/ros2/bridge/ogn/OgnROS2RtxLidarHelperDatabase.py'>
[2025-02-10 16:59:45,757][ogn_registration][INFO] - ...Import DB isaacsim.ros2.bridge.ogn.OgnROS2RtxLidarHelperDatabase into ['OgnROS2RtxLidarHelperDatabase', '__builtins__', '__cached__', '__doc__', '__file__', '__loader__', '__name__', '__package__', '__spec__', '_og', 'carb', 'og', 'ogn', 'sys', 'traceback'] from /isaac-sim/exts/isaacsim.ros2.bridge/isaacsim/ros2/bridge/ogn/OgnROS2RtxLidarHelperDatabase.py
[2025-02-10 16:59:45,758][ogn_registration][INFO] - Importing module isaacsim.ros2.bridge.ogn.python.nodes.OgnROS2RtxLidarHelper from /isaac-sim/exts/isaacsim.ros2.bridge/isaacsim/ros2/bridge/ogn/python/nodes/OgnROS2RtxLidarHelper.py
[2025-02-10 16:59:45,758][ogn_registration][INFO] - ... created the module as <module 'isaacsim.ros2.bridge.ogn.python.nodes.OgnROS2RtxLidarHelper' from '/isaac-sim/exts/isaacsim.ros2.bridge/isaacsim/ros2/bridge/ogn/python/nodes/OgnROS2RtxLidarHelper.py'>
[2025-02-10 16:59:45,758][ogn_registration][INFO] - ...Import Node isaacsim.ros2.bridge.ogn.python.nodes.OgnROS2RtxLidarHelper into <module 'isaacsim.ros2.bridge.ogn.python.nodes.OgnROS2RtxLidarHelper' from '/isaac-sim/exts/isaacsim.ros2.bridge/isaacsim/ros2/bridge/ogn/python/nodes/OgnROS2RtxLidarHelper.py'> from /isaac-sim/exts/isaacsim.ros2.bridge/isaacsim/ros2/bridge/ogn/python/nodes/OgnROS2RtxLidarHelper.py
[2025-02-10 16:59:45,758][ogn_registration][INFO] - Importing module isaacsim.ros2.bridge.ogn.tests.TestOgnROS2RtxLidarHelper from /isaac-sim/exts/isaacsim.ros2.bridge/isaacsim/ros2/bridge/ogn/tests/TestOgnROS2RtxLidarHelper.py
[2025-02-10 16:59:45,759][ogn_registration][INFO] - ... created the module as <module 'isaacsim.ros2.bridge.ogn.tests.TestOgnROS2RtxLidarHelper' from '/isaac-sim/exts/isaacsim.ros2.bridge/isaacsim/ros2/bridge/ogn/tests/TestOgnROS2RtxLidarHelper.py'>
[2025-02-10 16:59:45,759][ogn_registration][INFO] - ...Imported test isaacsim.ros2.bridge.ogn.tests.TestOgnROS2RtxLidarHelper into <module 'isaacsim.ros2.bridge.ogn.tests.TestOgnROS2RtxLidarHelper' from '/isaac-sim/exts/isaacsim.ros2.bridge/isaacsim/ros2/bridge/ogn/tests/TestOgnROS2RtxLidarHelper.py'> from /isaac-sim/exts/isaacsim.ros2.bridge/isaacsim/ros2/bridge/ogn/tests/TestOgnROS2RtxLidarHelper.py
[2025-02-10 16:59:45,759][ogn_registration][INFO] - Importing module isaacsim.ros2.bridge.ogn.OgnROS2CameraHelperDatabase from /isaac-sim/exts/isaacsim.ros2.bridge/isaacsim/ros2/bridge/ogn/OgnROS2CameraHelperDatabase.py
[2025-02-10 16:59:45,759][ogn_registration][INFO] - ... created the module as <module 'isaacsim.ros2.bridge.ogn.OgnROS2CameraHelperDatabase' from '/isaac-sim/exts/isaacsim.ros2.bridge/isaacsim/ros2/bridge/ogn/OgnROS2CameraHelperDatabase.py'>
[2025-02-10 16:59:45,759][ogn_registration][INFO] - ...Import DB isaacsim.ros2.bridge.ogn.OgnROS2CameraHelperDatabase into ['OgnROS2CameraHelperDatabase', '__builtins__', '__cached__', '__doc__', '__file__', '__loader__', '__name__', '__package__', '__spec__', '_og', 'carb', 'numpy', 'og', 'ogn', 'sys', 'traceback'] from /isaac-sim/exts/isaacsim.ros2.bridge/isaacsim/ros2/bridge/ogn/OgnROS2CameraHelperDatabase.py
[2025-02-10 16:59:45,760][ogn_registration][INFO] - Importing module isaacsim.ros2.bridge.ogn.python.nodes.OgnROS2CameraHelper from /isaac-sim/exts/isaacsim.ros2.bridge/isaacsim/ros2/bridge/ogn/python/nodes/OgnROS2CameraHelper.py
[2025-02-10 16:59:45,760][ogn_registration][INFO] - ... created the module as <module 'isaacsim.ros2.bridge.ogn.python.nodes.OgnROS2CameraHelper' from '/isaac-sim/exts/isaacsim.ros2.bridge/isaacsim/ros2/bridge/ogn/python/nodes/OgnROS2CameraHelper.py'>
[2025-02-10 16:59:45,760][ogn_registration][INFO] - ...Import Node isaacsim.ros2.bridge.ogn.python.nodes.OgnROS2CameraHelper into <module 'isaacsim.ros2.bridge.ogn.python.nodes.OgnROS2CameraHelper' from '/isaac-sim/exts/isaacsim.ros2.bridge/isaacsim/ros2/bridge/ogn/python/nodes/OgnROS2CameraHelper.py'> from /isaac-sim/exts/isaacsim.ros2.bridge/isaacsim/ros2/bridge/ogn/python/nodes/OgnROS2CameraHelper.py
[2025-02-10 16:59:45,760][ogn_registration][INFO] - Importing module isaacsim.ros2.bridge.ogn.tests.TestOgnROS2CameraHelper from /isaac-sim/exts/isaacsim.ros2.bridge/isaacsim/ros2/bridge/ogn/tests/TestOgnROS2CameraHelper.py
[2025-02-10 16:59:45,761][ogn_registration][INFO] - ... created the module as <module 'isaacsim.ros2.bridge.ogn.tests.TestOgnROS2CameraHelper' from '/isaac-sim/exts/isaacsim.ros2.bridge/isaacsim/ros2/bridge/ogn/tests/TestOgnROS2CameraHelper.py'>
[2025-02-10 16:59:45,761][ogn_registration][INFO] - ...Imported test isaacsim.ros2.bridge.ogn.tests.TestOgnROS2CameraHelper into <module 'isaacsim.ros2.bridge.ogn.tests.TestOgnROS2CameraHelper' from '/isaac-sim/exts/isaacsim.ros2.bridge/isaacsim/ros2/bridge/ogn/tests/TestOgnROS2CameraHelper.py'> from /isaac-sim/exts/isaacsim.ros2.bridge/isaacsim/ros2/bridge/ogn/tests/TestOgnROS2CameraHelper.py
[2025-02-10 16:59:45,761][ogn_registration][INFO] - isaacsim.ros2.bridge: Time to import the generated objects = 0.016204
[2025-02-10 16:59:45,761][ogn_registration][INFO] - Registering the nodes in isaacsim.ros2.bridge
[2025-02-10 16:59:45,761][ogn_registration][INFO] - -- node implementations {'OgnROS2QoSProfileDatabase': <class 'isaacsim.ros2.bridge.ogn.python.nodes.OgnROS2QoSProfile.OgnROS2QoSProfile'>, 'OgnROS2CameraInfoHelperDatabase': <class 'isaacsim.ros2.bridge.ogn.python.nodes.OgnROS2CameraInfoHelper.OgnROS2CameraInfoHelper'>, 'OgnROS2RtxLidarHelperDatabase': <class 'isaacsim.ros2.bridge.ogn.python.nodes.OgnROS2RtxLidarHelper.OgnROS2RtxLidarHelper'>, 'OgnROS2CameraHelperDatabase': <class 'isaacsim.ros2.bridge.ogn.python.nodes.OgnROS2CameraHelper.OgnROS2CameraHelper'>}
[2025-02-10 16:59:45,761][ogn_registration][INFO] - Found the database class <class 'isaacsim.ros2.bridge.ogn.OgnROS2QoSProfileDatabase.OgnROS2QoSProfileDatabase'> with node module <class 'isaacsim.ros2.bridge.ogn.python.nodes.OgnROS2QoSProfile.OgnROS2QoSProfile'>
[2025-02-10 16:59:45,762][ogn_registration][INFO] - Registered okay, adding the deregister function <function OgnROS2QoSProfileDatabase.deregister at 0x7f9975bcfe20>
[2025-02-10 16:59:45,762][ogn_registration][INFO] - ...Registered through database OgnROS2QoSProfileDatabase
[2025-02-10 16:59:45,762][ogn_registration][INFO] - Found the database class <class 'isaacsim.ros2.bridge.ogn.OgnROS2CameraInfoHelperDatabase.OgnROS2CameraInfoHelperDatabase'> with node module <class 'isaacsim.ros2.bridge.ogn.python.nodes.OgnROS2CameraInfoHelper.OgnROS2CameraInfoHelper'>
[2025-02-10 16:59:45,762][ogn_registration][INFO] - Registered okay, adding the deregister function <function OgnROS2CameraInfoHelperDatabase.deregister at 0x7f9975bd68c0>
[2025-02-10 16:59:45,762][ogn_registration][INFO] - ...Registered through database OgnROS2CameraInfoHelperDatabase
[2025-02-10 16:59:45,762][ogn_registration][INFO] - Found the database class <class 'isaacsim.ros2.bridge.ogn.OgnROS2RtxLidarHelperDatabase.OgnROS2RtxLidarHelperDatabase'> with node module <class 'isaacsim.ros2.bridge.ogn.python.nodes.OgnROS2RtxLidarHelper.OgnROS2RtxLidarHelper'>
[2025-02-10 16:59:45,763][ogn_registration][INFO] - Registered okay, adding the deregister function <function OgnROS2RtxLidarHelperDatabase.deregister at 0x7f9975be51b0>
[2025-02-10 16:59:45,763][ogn_registration][INFO] - ...Registered through database OgnROS2RtxLidarHelperDatabase
[2025-02-10 16:59:45,763][ogn_registration][INFO] - Found the database class <class 'isaacsim.ros2.bridge.ogn.OgnROS2CameraHelperDatabase.OgnROS2CameraHelperDatabase'> with node module <class 'isaacsim.ros2.bridge.ogn.python.nodes.OgnROS2CameraHelper.OgnROS2CameraHelper'>
[2025-02-10 16:59:45,763][ogn_registration][INFO] - Registered okay, adding the deregister function <function OgnROS2CameraHelperDatabase.deregister at 0x7f9975be7b50>
[2025-02-10 16:59:45,763][ogn_registration][INFO] - ...Registered through database OgnROS2CameraHelperDatabase
[2025-02-10 16:59:45,763][ogn_registration][INFO] - isaacsim.ros2.bridge: Time to register the generated objects = 0.002044
[2025-02-10 16:59:45,763][ogn_registration][INFO] -  -> Registered nodes from module isaacsim.ros2.bridge.tests at /isaac-sim/exts/isaacsim.ros2.bridge
[2025-02-10 16:59:45,763][ogn_registration][INFO] - Registering nodes in /isaac-sim/exts/isaacsim.ros2.bridge imported as isaacsim.ros2.bridge.tests with AutoNode config {}
[2025-02-10 16:59:45,763][ogn_registration][INFO] - Registering Python Node Types from isaacsim.ros2.bridge.tests at /isaac-sim/exts/isaacsim.ros2.bridge in isaacsim.ros2.bridge
[2025-02-10 16:59:45,763][ogn_registration][INFO] - ========================================================================================================================
[2025-02-10 16:59:45,766][ogn_registration][INFO] - Finding OmniGraph extension content manager for isaacsim.ros2.bridge-4.1.15 in module isaacsim.ros2.bridge.tests at /isaac-sim/exts/isaacsim.ros2.bridge
[2025-02-10 16:59:45,767][ogn_registration][INFO] - -> New generated folder /isaac-sim/exts/isaacsim.ros2.bridge/ogn/isaacsim.ros2.bridge.tests is not a directory
[2025-02-10 16:59:45,767][ogn_registration][INFO] - -> Old ogn/ folder /isaac-sim/exts/isaacsim.ros2.bridge/isaacsim/ros2/bridge/tests/ogn is not a directory
[2025-02-10 16:59:45,767][ogn_registration][INFO] - _walk_with_excludes(start=/isaac-sim/exts/isaacsim.ros2.bridge/isaacsim/ros2/bridge/tests, exclude=['__pycache__'])
[2025-02-10 16:59:45,767][ogn_registration][INFO] -    ... walked /isaac-sim/exts/isaacsim.ros2.bridge/isaacsim/ros2/bridge/tests, [], ['test_rtx_sensor.py', 'test_differential_base.py', 'test_point_cloud.py', 'test_subscribers.py', 'test_camera.py', 'test_subscriber.py', 'test_clock.py', 'test_rclpy.py', 'test_joint_state.py', 'test_waypoint_follower.py', 'test_semantic_labels.py', 'test_service_prim.py', 'test_lidar.py', 'common.py', 'test_publisher.py', 'test_service.py', 'test_pose_tree.py', 'test_camera_info.py', '__init__.py']
[2025-02-10 16:59:45,767][ogn_registration][INFO] - -> Extension contents not recognized as containing OmniGraph Python information
[2025-02-10 16:59:45,768][ogn_registration][INFO] - ...None found, no registration to do
[2025-02-10 16:59:45,768][ogn_registration][INFO] - ...Skipping: No OmniGraph presence in the module isaacsim.ros2.bridge.tests - No nodes in this module, do not remember it
[2025-02-10 16:59:45,768][ogn_registration][INFO] - Destroying registration record for isaacsim.ros2.bridge
[2025-02-10 16:59:45,768][ogn_registration][INFO] -  -> Registered nodes from module isaacsim.ros2.bridge.scripts.samples.ros_samples at /isaac-sim/exts/isaacsim.ros2.bridge
[2025-02-10 16:59:45,768][ogn_registration][INFO] - Registering nodes in /isaac-sim/exts/isaacsim.ros2.bridge imported as isaacsim.ros2.bridge.scripts.samples.ros_samples with AutoNode config {}
[2025-02-10 16:59:45,768][ogn_registration][INFO] - Registering Python Node Types from isaacsim.ros2.bridge.scripts.samples.ros_samples at /isaac-sim/exts/isaacsim.ros2.bridge in isaacsim.ros2.bridge
[2025-02-10 16:59:45,768][ogn_registration][INFO] - ========================================================================================================================
[2025-02-10 16:59:45,770][ogn_registration][INFO] - Finding OmniGraph extension content manager for isaacsim.ros2.bridge-4.1.15 in module isaacsim.ros2.bridge.scripts.samples.ros_samples at /isaac-sim/exts/isaacsim.ros2.bridge
[2025-02-10 16:59:45,771][ogn_registration][INFO] - -> New generated folder /isaac-sim/exts/isaacsim.ros2.bridge/ogn/isaacsim.ros2.bridge.scripts.samples.ros_samples is not a directory
[2025-02-10 16:59:45,771][ogn_registration][INFO] - -> Old ogn/ folder /isaac-sim/exts/isaacsim.ros2.bridge/isaacsim/ros2/bridge/scripts/samples/ros_samples/ogn is not a directory
[2025-02-10 16:59:45,771][ogn_registration][INFO] - _walk_with_excludes(start=/isaac-sim/exts/isaacsim.ros2.bridge/isaacsim/ros2/bridge/scripts/samples/ros_samples, exclude=['__pycache__'])
[2025-02-10 16:59:45,771][ogn_registration][INFO] - -> Extension contents not recognized as containing OmniGraph Python information
[2025-02-10 16:59:45,771][ogn_registration][INFO] - ...None found, no registration to do
[2025-02-10 16:59:45,771][ogn_registration][INFO] - ...Skipping: No OmniGraph presence in the module isaacsim.ros2.bridge.scripts.samples.ros_samples - No nodes in this module, do not remember it
[2025-02-10 16:59:45,771][ogn_registration][INFO] - Destroying registration record for isaacsim.ros2.bridge
[2025-02-10 16:59:45,771][ogn_registration][INFO] -  -> Registered nodes from module isaacsim.ros2.bridge.scripts.samples.ros_waypoint_follower_sample at /isaac-sim/exts/isaacsim.ros2.bridge
[2025-02-10 16:59:45,771][ogn_registration][INFO] - Registering nodes in /isaac-sim/exts/isaacsim.ros2.bridge imported as isaacsim.ros2.bridge.scripts.samples.ros_waypoint_follower_sample with AutoNode config {}
[2025-02-10 16:59:45,771][ogn_registration][INFO] - Registering Python Node Types from isaacsim.ros2.bridge.scripts.samples.ros_waypoint_follower_sample at /isaac-sim/exts/isaacsim.ros2.bridge in isaacsim.ros2.bridge
[2025-02-10 16:59:45,771][ogn_registration][INFO] - ========================================================================================================================
[2025-02-10 16:59:45,773][ogn_registration][INFO] - Finding OmniGraph extension content manager for isaacsim.ros2.bridge-4.1.15 in module isaacsim.ros2.bridge.scripts.samples.ros_waypoint_follower_sample at /isaac-sim/exts/isaacsim.ros2.bridge
[2025-02-10 16:59:45,774][ogn_registration][INFO] - -> New generated folder /isaac-sim/exts/isaacsim.ros2.bridge/ogn/isaacsim.ros2.bridge.scripts.samples.ros_waypoint_follower_sample is not a directory
[2025-02-10 16:59:45,774][ogn_registration][INFO] - -> Old ogn/ folder /isaac-sim/exts/isaacsim.ros2.bridge/isaacsim/ros2/bridge/scripts/samples/ros_waypoint_follower_sample/ogn is not a directory
[2025-02-10 16:59:45,774][ogn_registration][INFO] - _walk_with_excludes(start=/isaac-sim/exts/isaacsim.ros2.bridge/isaacsim/ros2/bridge/scripts/samples/ros_waypoint_follower_sample, exclude=['__pycache__'])
[2025-02-10 16:59:45,774][ogn_registration][INFO] - -> Extension contents not recognized as containing OmniGraph Python information
[2025-02-10 16:59:45,774][ogn_registration][INFO] - ...None found, no registration to do
[2025-02-10 16:59:45,774][ogn_registration][INFO] - ...Skipping: No OmniGraph presence in the module isaacsim.ros2.bridge.scripts.samples.ros_waypoint_follower_sample - No nodes in this module, do not remember it
[2025-02-10 16:59:45,774][ogn_registration][INFO] - Destroying registration record for isaacsim.ros2.bridge
[2025-02-10 16:59:45,774][ogn_registration][INFO] -  -> Registered nodes from module isaacsim.ros2.bridge.scripts.samples.ros_moveit_sample at /isaac-sim/exts/isaacsim.ros2.bridge
[2025-02-10 16:59:45,774][ogn_registration][INFO] - Registering nodes in /isaac-sim/exts/isaacsim.ros2.bridge imported as isaacsim.ros2.bridge.scripts.samples.ros_moveit_sample with AutoNode config {}
[2025-02-10 16:59:45,774][ogn_registration][INFO] - Registering Python Node Types from isaacsim.ros2.bridge.scripts.samples.ros_moveit_sample at /isaac-sim/exts/isaacsim.ros2.bridge in isaacsim.ros2.bridge
[2025-02-10 16:59:45,774][ogn_registration][INFO] - ========================================================================================================================
[2025-02-10 16:59:45,777][ogn_registration][INFO] - Finding OmniGraph extension content manager for isaacsim.ros2.bridge-4.1.15 in module isaacsim.ros2.bridge.scripts.samples.ros_moveit_sample at /isaac-sim/exts/isaacsim.ros2.bridge
[2025-02-10 16:59:45,777][ogn_registration][INFO] - -> New generated folder /isaac-sim/exts/isaacsim.ros2.bridge/ogn/isaacsim.ros2.bridge.scripts.samples.ros_moveit_sample is not a directory
[2025-02-10 16:59:45,777][ogn_registration][INFO] - -> Old ogn/ folder /isaac-sim/exts/isaacsim.ros2.bridge/isaacsim/ros2/bridge/scripts/samples/ros_moveit_sample/ogn is not a directory
[2025-02-10 16:59:45,777][ogn_registration][INFO] - _walk_with_excludes(start=/isaac-sim/exts/isaacsim.ros2.bridge/isaacsim/ros2/bridge/scripts/samples/ros_moveit_sample, exclude=['__pycache__'])
[2025-02-10 16:59:45,777][ogn_registration][INFO] - -> Extension contents not recognized as containing OmniGraph Python information
[2025-02-10 16:59:45,777][ogn_registration][INFO] - ...None found, no registration to do
[2025-02-10 16:59:45,778][ogn_registration][INFO] - ...Skipping: No OmniGraph presence in the module isaacsim.ros2.bridge.scripts.samples.ros_moveit_sample - No nodes in this module, do not remember it
[2025-02-10 16:59:45,778][ogn_registration][INFO] - Destroying registration record for isaacsim.ros2.bridge
[2025-02-10 16:59:45,778][ogn_registration][INFO] -  -> Registered nodes from module isaacsim.ros2.bridge.scripts.og_shortcuts.og_shortcut_menu at /isaac-sim/exts/isaacsim.ros2.bridge
[2025-02-10 16:59:45,778][ogn_registration][INFO] - Registering nodes in /isaac-sim/exts/isaacsim.ros2.bridge imported as isaacsim.ros2.bridge.scripts.og_shortcuts.og_shortcut_menu with AutoNode config {}
[2025-02-10 16:59:45,778][ogn_registration][INFO] - Registering Python Node Types from isaacsim.ros2.bridge.scripts.og_shortcuts.og_shortcut_menu at /isaac-sim/exts/isaacsim.ros2.bridge in isaacsim.ros2.bridge
[2025-02-10 16:59:45,778][ogn_registration][INFO] - ========================================================================================================================
[2025-02-10 16:59:45,781][ogn_registration][INFO] - Finding OmniGraph extension content manager for isaacsim.ros2.bridge-4.1.15 in module isaacsim.ros2.bridge.scripts.og_shortcuts.og_shortcut_menu at /isaac-sim/exts/isaacsim.ros2.bridge
[2025-02-10 16:59:45,781][ogn_registration][INFO] - -> New generated folder /isaac-sim/exts/isaacsim.ros2.bridge/ogn/isaacsim.ros2.bridge.scripts.og_shortcuts.og_shortcut_menu is not a directory
[2025-02-10 16:59:45,781][ogn_registration][INFO] - -> Old ogn/ folder /isaac-sim/exts/isaacsim.ros2.bridge/isaacsim/ros2/bridge/scripts/og_shortcuts/og_shortcut_menu/ogn is not a directory
[2025-02-10 16:59:45,781][ogn_registration][INFO] - _walk_with_excludes(start=/isaac-sim/exts/isaacsim.ros2.bridge/isaacsim/ros2/bridge/scripts/og_shortcuts/og_shortcut_menu, exclude=['__pycache__'])
[2025-02-10 16:59:45,781][ogn_registration][INFO] - -> Extension contents not recognized as containing OmniGraph Python information
[2025-02-10 16:59:45,781][ogn_registration][INFO] - ...None found, no registration to do
[2025-02-10 16:59:45,781][ogn_registration][INFO] - ...Skipping: No OmniGraph presence in the module isaacsim.ros2.bridge.scripts.og_shortcuts.og_shortcut_menu - No nodes in this module, do not remember it
[2025-02-10 16:59:45,781][ogn_registration][INFO] - Destroying registration record for isaacsim.ros2.bridge
[2025-02-10 16:59:45,782][ogn_registration][INFO] - OGN register isaacsim.ros2.bridge-4.1.15 took 58945143.000000
